{"C:\\Users\\Emmanuel-UG\\Desktop\\Ugee\\Projects\\Hillcity\\hillcity-backend\\src\\App.js": {"path":"C:\\Users\\Emmanuel-UG\\Desktop\\Ugee\\Projects\\Hillcity\\hillcity-backend\\src\\App.js","statementMap":{"0":{"start":{"line":1,"column":16},"end":{"line":1,"column":34}},"1":{"start":{"line":2,"column":19},"end":{"line":2,"column":41}},"2":{"start":{"line":4,"column":13},"end":{"line":4,"column":50}},"3":{"start":{"line":5,"column":24},"end":{"line":5,"column":68}},"4":{"start":{"line":6,"column":18},"end":{"line":6,"column":56}},"5":{"start":{"line":7,"column":18},"end":{"line":7,"column":56}},"6":{"start":{"line":9,"column":12},"end":{"line":9,"column":21}},"7":{"start":{"line":10,"column":0},"end":{"line":10,"column":27}},"8":{"start":{"line":12,"column":0},"end":{"line":12,"column":35}},"9":{"start":{"line":13,"column":0},"end":{"line":13,"column":53}},"10":{"start":{"line":14,"column":0},"end":{"line":14,"column":58}},"11":{"start":{"line":15,"column":0},"end":{"line":15,"column":58}},"12":{"start":{"line":16,"column":0},"end":{"line":16,"column":61}},"13":{"start":{"line":18,"column":0},"end":{"line":18,"column":21}}},"fnMap":{},"branchMap":{},"s":{"0":2,"1":2,"2":2,"3":2,"4":2,"5":2,"6":2,"7":2,"8":2,"9":2,"10":2,"11":2,"12":2,"13":2},"f":{},"b":{},"_coverageSchema":"1a1c01bbd47fc00a2c39e90264f33305004495a9","hash":"a7df04b8f16340bff4b3239beb1ccc1149ab2848"}
,"C:\\Users\\Emmanuel-UG\\Desktop\\Ugee\\Projects\\Hillcity\\hillcity-backend\\src\\usingDB\\connection.js": {"path":"C:\\Users\\Emmanuel-UG\\Desktop\\Ugee\\Projects\\Hillcity\\hillcity-backend\\src\\usingDB\\connection.js","statementMap":{"0":{"start":{"line":1,"column":14},"end":{"line":1,"column":30}},"1":{"start":{"line":2,"column":15},"end":{"line":2,"column":32}},"2":{"start":{"line":3,"column":20},"end":{"line":3,"column":41}},"3":{"start":{"line":5,"column":0},"end":{"line":5,"column":16}},"4":{"start":{"line":7,"column":17},"end":{"line":7,"column":52}},"5":{"start":{"line":9,"column":0},"end":{"line":15,"column":2}},"6":{"start":{"line":10,"column":4},"end":{"line":14,"column":5}},"7":{"start":{"line":11,"column":8},"end":{"line":11,"column":58}},"8":{"start":{"line":13,"column":8},"end":{"line":13,"column":65}},"9":{"start":{"line":17,"column":0},"end":{"line":17,"column":26}}},"fnMap":{"0":{"name":"(anonymous_0)","decl":{"start":{"line":9,"column":17},"end":{"line":9,"column":18}},"loc":{"start":{"line":9,"column":24},"end":{"line":15,"column":1}},"line":9}},"branchMap":{"0":{"loc":{"start":{"line":10,"column":4},"end":{"line":14,"column":5}},"type":"if","locations":[{"start":{"line":10,"column":4},"end":{"line":14,"column":5}},{"start":{"line":10,"column":4},"end":{"line":14,"column":5}}],"line":10}},"s":{"0":2,"1":2,"2":2,"3":2,"4":2,"5":2,"6":2,"7":2,"8":0,"9":2},"f":{"0":2},"b":{"0":[2,0]},"_coverageSchema":"1a1c01bbd47fc00a2c39e90264f33305004495a9","hash":"a91f1d64e90e2dd933aaced5a5dc7a452228763b"}
,"C:\\Users\\Emmanuel-UG\\Desktop\\Ugee\\Projects\\Hillcity\\hillcity-backend\\src\\usingDB\\dbConfig\\index.js": {"path":"C:\\Users\\Emmanuel-UG\\Desktop\\Ugee\\Projects\\Hillcity\\hillcity-backend\\src\\usingDB\\dbConfig\\index.js","statementMap":{"0":{"start":{"line":1,"column":20},"end":{"line":7,"column":1}},"1":{"start":{"line":9,"column":0},"end":{"line":9,"column":29}}},"fnMap":{},"branchMap":{},"s":{"0":2,"1":2},"f":{},"b":{},"_coverageSchema":"1a1c01bbd47fc00a2c39e90264f33305004495a9","hash":"8f674677fcdf64139f8b763624a71e8821231733"}
,"C:\\Users\\Emmanuel-UG\\Desktop\\Ugee\\Projects\\Hillcity\\hillcity-backend\\src\\usingDB\\routes\\engagement.route.js": {"path":"C:\\Users\\Emmanuel-UG\\Desktop\\Ugee\\Projects\\Hillcity\\hillcity-backend\\src\\usingDB\\routes\\engagement.route.js","statementMap":{"0":{"start":{"line":1,"column":16},"end":{"line":1,"column":34}},"1":{"start":{"line":2,"column":24},"end":{"line":2,"column":83}},"2":{"start":{"line":4,"column":15},"end":{"line":4,"column":31}},"3":{"start":{"line":6,"column":0},"end":{"line":6,"column":72}},"4":{"start":{"line":7,"column":0},"end":{"line":7,"column":74}},"5":{"start":{"line":8,"column":0},"end":{"line":8,"column":73}},"6":{"start":{"line":9,"column":0},"end":{"line":9,"column":65}},"7":{"start":{"line":10,"column":0},"end":{"line":10,"column":74}},"8":{"start":{"line":11,"column":0},"end":{"line":11,"column":73}},"9":{"start":{"line":12,"column":0},"end":{"line":12,"column":74}},"10":{"start":{"line":14,"column":0},"end":{"line":14,"column":24}}},"fnMap":{},"branchMap":{},"s":{"0":2,"1":2,"2":2,"3":2,"4":2,"5":2,"6":2,"7":2,"8":2,"9":2,"10":2},"f":{},"b":{},"_coverageSchema":"1a1c01bbd47fc00a2c39e90264f33305004495a9","hash":"c54aee49457413b10e1103c5cbcd25ddfa2b2503"}
,"C:\\Users\\Emmanuel-UG\\Desktop\\Ugee\\Projects\\Hillcity\\hillcity-backend\\src\\usingDB\\routes\\page.route.js": {"path":"C:\\Users\\Emmanuel-UG\\Desktop\\Ugee\\Projects\\Hillcity\\hillcity-backend\\src\\usingDB\\routes\\page.route.js","statementMap":{"0":{"start":{"line":1,"column":16},"end":{"line":1,"column":34}},"1":{"start":{"line":2,"column":18},"end":{"line":2,"column":71}},"2":{"start":{"line":4,"column":15},"end":{"line":4,"column":31}},"3":{"start":{"line":6,"column":0},"end":{"line":6,"column":53}},"4":{"start":{"line":7,"column":0},"end":{"line":7,"column":53}},"5":{"start":{"line":9,"column":0},"end":{"line":9,"column":24}}},"fnMap":{},"branchMap":{},"s":{"0":2,"1":2,"2":2,"3":2,"4":2,"5":2},"f":{},"b":{},"_coverageSchema":"1a1c01bbd47fc00a2c39e90264f33305004495a9","hash":"1b93c216037b1dd487cdba9ef9d1b469760c3b2b"}
,"C:\\Users\\Emmanuel-UG\\Desktop\\Ugee\\Projects\\Hillcity\\hillcity-backend\\src\\usingDB\\routes\\user.route.js": {"path":"C:\\Users\\Emmanuel-UG\\Desktop\\Ugee\\Projects\\Hillcity\\hillcity-backend\\src\\usingDB\\routes\\user.route.js","statementMap":{"0":{"start":{"line":1,"column":16},"end":{"line":1,"column":34}},"1":{"start":{"line":2,"column":18},"end":{"line":2,"column":71}},"2":{"start":{"line":4,"column":15},"end":{"line":4,"column":31}},"3":{"start":{"line":6,"column":0},"end":{"line":6,"column":39}},"4":{"start":{"line":8,"column":0},"end":{"line":8,"column":24}}},"fnMap":{},"branchMap":{},"s":{"0":2,"1":2,"2":2,"3":2,"4":2},"f":{},"b":{},"_coverageSchema":"1a1c01bbd47fc00a2c39e90264f33305004495a9","hash":"cfa2e4be52ccb1a4ec995e1afdbd8ff3519ba9fb"}
,"C:\\Users\\Emmanuel-UG\\Desktop\\Ugee\\Projects\\Hillcity\\hillcity-backend\\src\\usingObj\\controllers\\engagement.controller.js": {"path":"C:\\Users\\Emmanuel-UG\\Desktop\\Ugee\\Projects\\Hillcity\\hillcity-backend\\src\\usingObj\\controllers\\engagement.controller.js","statementMap":{"0":{"start":{"line":1,"column":17},"end":{"line":1,"column":52}},"1":{"start":{"line":2,"column":17},"end":{"line":2,"column":50}},"2":{"start":{"line":3,"column":11},"end":{"line":3,"column":42}},"3":{"start":{"line":5,"column":19},"end":{"line":175,"column":1}},"4":{"start":{"line":7,"column":22},"end":{"line":7,"column":63}},"5":{"start":{"line":8,"column":21},"end":{"line":8,"column":62}},"6":{"start":{"line":9,"column":20},"end":{"line":9,"column":50}},"7":{"start":{"line":10,"column":29},"end":{"line":10,"column":44}},"8":{"start":{"line":11,"column":28},"end":{"line":11,"column":39}},"9":{"start":{"line":12,"column":25},"end":{"line":12,"column":38}},"10":{"start":{"line":13,"column":23},"end":{"line":13,"column":32}},"11":{"start":{"line":14,"column":20},"end":{"line":14,"column":22}},"12":{"start":{"line":15,"column":20},"end":{"line":15,"column":21}},"13":{"start":{"line":16,"column":102},"end":{"line":16,"column":110}},"14":{"start":{"line":17,"column":30},"end":{"line":17,"column":57}},"15":{"start":{"line":18,"column":26},"end":{"line":23,"column":85}},"16":{"start":{"line":24,"column":23},"end":{"line":26,"column":81}},"17":{"start":{"line":27,"column":8},"end":{"line":37,"column":10}},"18":{"start":{"line":28,"column":12},"end":{"line":36,"column":13}},"19":{"start":{"line":29,"column":16},"end":{"line":29,"column":52}},"20":{"start":{"line":30,"column":16},"end":{"line":33,"column":18}},"21":{"start":{"line":35,"column":16},"end":{"line":35,"column":87}},"22":{"start":{"line":41,"column":26},"end":{"line":41,"column":75}},"23":{"start":{"line":42,"column":8},"end":{"line":51,"column":10}},"24":{"start":{"line":43,"column":12},"end":{"line":50,"column":13}},"25":{"start":{"line":44,"column":16},"end":{"line":47,"column":18}},"26":{"start":{"line":49,"column":16},"end":{"line":49,"column":98}},"27":{"start":{"line":55,"column":26},"end":{"line":60,"column":32}},"28":{"start":{"line":61,"column":8},"end":{"line":70,"column":10}},"29":{"start":{"line":62,"column":12},"end":{"line":69,"column":13}},"30":{"start":{"line":63,"column":16},"end":{"line":66,"column":18}},"31":{"start":{"line":68,"column":16},"end":{"line":68,"column":98}},"32":{"start":{"line":74,"column":26},"end":{"line":74,"column":76}},"33":{"start":{"line":75,"column":8},"end":{"line":86,"column":10}},"34":{"start":{"line":76,"column":12},"end":{"line":85,"column":13}},"35":{"start":{"line":77,"column":16},"end":{"line":77,"column":80}},"36":{"start":{"line":78,"column":19},"end":{"line":85,"column":13}},"37":{"start":{"line":79,"column":16},"end":{"line":82,"column":18}},"38":{"start":{"line":84,"column":16},"end":{"line":84,"column":104}},"39":{"start":{"line":90,"column":23},"end":{"line":90,"column":33}},"40":{"start":{"line":91,"column":28},"end":{"line":91,"column":36}},"41":{"start":{"line":92,"column":26},"end":{"line":92,"column":76}},"42":{"start":{"line":93,"column":28},"end":{"line":94,"column":34}},"43":{"start":{"line":95,"column":8},"end":{"line":115,"column":10}},"44":{"start":{"line":96,"column":12},"end":{"line":114,"column":13}},"45":{"start":{"line":97,"column":16},"end":{"line":97,"column":80}},"46":{"start":{"line":98,"column":19},"end":{"line":114,"column":13}},"47":{"start":{"line":99,"column":31},"end":{"line":103,"column":17}},"48":{"start":{"line":104,"column":16},"end":{"line":111,"column":18}},"49":{"start":{"line":105,"column":20},"end":{"line":110,"column":21}},"50":{"start":{"line":106,"column":24},"end":{"line":106,"column":62}},"51":{"start":{"line":108,"column":24},"end":{"line":108,"column":43}},"52":{"start":{"line":109,"column":24},"end":{"line":109,"column":99}},"53":{"start":{"line":113,"column":16},"end":{"line":113,"column":104}},"54":{"start":{"line":119,"column":23},"end":{"line":119,"column":33}},"55":{"start":{"line":120,"column":28},"end":{"line":120,"column":36}},"56":{"start":{"line":121,"column":26},"end":{"line":121,"column":76}},"57":{"start":{"line":122,"column":28},"end":{"line":123,"column":34}},"58":{"start":{"line":124,"column":8},"end":{"line":144,"column":10}},"59":{"start":{"line":125,"column":12},"end":{"line":143,"column":13}},"60":{"start":{"line":126,"column":16},"end":{"line":126,"column":80}},"61":{"start":{"line":127,"column":19},"end":{"line":143,"column":13}},"62":{"start":{"line":128,"column":31},"end":{"line":132,"column":17}},"63":{"start":{"line":133,"column":16},"end":{"line":140,"column":18}},"64":{"start":{"line":134,"column":20},"end":{"line":139,"column":21}},"65":{"start":{"line":135,"column":24},"end":{"line":135,"column":62}},"66":{"start":{"line":137,"column":24},"end":{"line":137,"column":43}},"67":{"start":{"line":138,"column":24},"end":{"line":138,"column":99}},"68":{"start":{"line":142,"column":16},"end":{"line":142,"column":104}},"69":{"start":{"line":148,"column":23},"end":{"line":148,"column":38}},"70":{"start":{"line":149,"column":25},"end":{"line":149,"column":52}},"71":{"start":{"line":150,"column":45},"end":{"line":150,"column":53}},"72":{"start":{"line":151,"column":26},"end":{"line":151,"column":76}},"73":{"start":{"line":152,"column":28},"end":{"line":152,"column":122}},"74":{"start":{"line":153,"column":8},"end":{"line":173,"column":10}},"75":{"start":{"line":154,"column":12},"end":{"line":172,"column":13}},"76":{"start":{"line":155,"column":16},"end":{"line":155,"column":80}},"77":{"start":{"line":156,"column":19},"end":{"line":172,"column":13}},"78":{"start":{"line":157,"column":31},"end":{"line":162,"column":17}},"79":{"start":{"line":163,"column":16},"end":{"line":169,"column":18}},"80":{"start":{"line":164,"column":20},"end":{"line":168,"column":21}},"81":{"start":{"line":165,"column":24},"end":{"line":165,"column":62}},"82":{"start":{"line":167,"column":24},"end":{"line":167,"column":99}},"83":{"start":{"line":171,"column":16},"end":{"line":171,"column":104}},"84":{"start":{"line":177,"column":0},"end":{"line":177,"column":28}}},"fnMap":{"0":{"name":"(anonymous_0)","decl":{"start":{"line":6,"column":4},"end":{"line":6,"column":5}},"loc":{"start":{"line":6,"column":37},"end":{"line":38,"column":5}},"line":6},"1":{"name":"(anonymous_1)","decl":{"start":{"line":27,"column":42},"end":{"line":27,"column":43}},"loc":{"start":{"line":27,"column":62},"end":{"line":37,"column":9}},"line":27},"2":{"name":"(anonymous_2)","decl":{"start":{"line":40,"column":4},"end":{"line":40,"column":5}},"loc":{"start":{"line":40,"column":37},"end":{"line":52,"column":5}},"line":40},"3":{"name":"(anonymous_3)","decl":{"start":{"line":42,"column":49},"end":{"line":42,"column":50}},"loc":{"start":{"line":42,"column":69},"end":{"line":51,"column":9}},"line":42},"4":{"name":"(anonymous_4)","decl":{"start":{"line":54,"column":4},"end":{"line":54,"column":5}},"loc":{"start":{"line":54,"column":36},"end":{"line":71,"column":5}},"line":54},"5":{"name":"(anonymous_5)","decl":{"start":{"line":61,"column":49},"end":{"line":61,"column":50}},"loc":{"start":{"line":61,"column":69},"end":{"line":70,"column":9}},"line":61},"6":{"name":"(anonymous_6)","decl":{"start":{"line":73,"column":4},"end":{"line":73,"column":5}},"loc":{"start":{"line":73,"column":31},"end":{"line":87,"column":5}},"line":73},"7":{"name":"(anonymous_7)","decl":{"start":{"line":75,"column":51},"end":{"line":75,"column":52}},"loc":{"start":{"line":75,"column":71},"end":{"line":86,"column":9}},"line":75},"8":{"name":"(anonymous_8)","decl":{"start":{"line":89,"column":4},"end":{"line":89,"column":5}},"loc":{"start":{"line":89,"column":31},"end":{"line":116,"column":5}},"line":89},"9":{"name":"(anonymous_9)","decl":{"start":{"line":95,"column":51},"end":{"line":95,"column":52}},"loc":{"start":{"line":95,"column":71},"end":{"line":115,"column":9}},"line":95},"10":{"name":"(anonymous_10)","decl":{"start":{"line":104,"column":52},"end":{"line":104,"column":53}},"loc":{"start":{"line":104,"column":69},"end":{"line":111,"column":17}},"line":104},"11":{"name":"(anonymous_11)","decl":{"start":{"line":118,"column":4},"end":{"line":118,"column":5}},"loc":{"start":{"line":118,"column":31},"end":{"line":145,"column":5}},"line":118},"12":{"name":"(anonymous_12)","decl":{"start":{"line":124,"column":51},"end":{"line":124,"column":52}},"loc":{"start":{"line":124,"column":71},"end":{"line":144,"column":9}},"line":124},"13":{"name":"(anonymous_13)","decl":{"start":{"line":133,"column":52},"end":{"line":133,"column":53}},"loc":{"start":{"line":133,"column":69},"end":{"line":140,"column":17}},"line":133},"14":{"name":"(anonymous_14)","decl":{"start":{"line":147,"column":4},"end":{"line":147,"column":5}},"loc":{"start":{"line":147,"column":25},"end":{"line":174,"column":5}},"line":147},"15":{"name":"(anonymous_15)","decl":{"start":{"line":153,"column":51},"end":{"line":153,"column":52}},"loc":{"start":{"line":153,"column":71},"end":{"line":173,"column":9}},"line":153},"16":{"name":"(anonymous_16)","decl":{"start":{"line":163,"column":52},"end":{"line":163,"column":53}},"loc":{"start":{"line":163,"column":69},"end":{"line":169,"column":17}},"line":163}},"branchMap":{"0":{"loc":{"start":{"line":28,"column":12},"end":{"line":36,"column":13}},"type":"if","locations":[{"start":{"line":28,"column":12},"end":{"line":36,"column":13}},{"start":{"line":28,"column":12},"end":{"line":36,"column":13}}],"line":28},"1":{"loc":{"start":{"line":43,"column":12},"end":{"line":50,"column":13}},"type":"if","locations":[{"start":{"line":43,"column":12},"end":{"line":50,"column":13}},{"start":{"line":43,"column":12},"end":{"line":50,"column":13}}],"line":43},"2":{"loc":{"start":{"line":62,"column":12},"end":{"line":69,"column":13}},"type":"if","locations":[{"start":{"line":62,"column":12},"end":{"line":69,"column":13}},{"start":{"line":62,"column":12},"end":{"line":69,"column":13}}],"line":62},"3":{"loc":{"start":{"line":76,"column":12},"end":{"line":85,"column":13}},"type":"if","locations":[{"start":{"line":76,"column":12},"end":{"line":85,"column":13}},{"start":{"line":76,"column":12},"end":{"line":85,"column":13}}],"line":76},"4":{"loc":{"start":{"line":78,"column":19},"end":{"line":85,"column":13}},"type":"if","locations":[{"start":{"line":78,"column":19},"end":{"line":85,"column":13}},{"start":{"line":78,"column":19},"end":{"line":85,"column":13}}],"line":78},"5":{"loc":{"start":{"line":78,"column":23},"end":{"line":78,"column":103}},"type":"binary-expr","locations":[{"start":{"line":78,"column":23},"end":{"line":78,"column":62}},{"start":{"line":78,"column":66},"end":{"line":78,"column":103}}],"line":78},"6":{"loc":{"start":{"line":96,"column":12},"end":{"line":114,"column":13}},"type":"if","locations":[{"start":{"line":96,"column":12},"end":{"line":114,"column":13}},{"start":{"line":96,"column":12},"end":{"line":114,"column":13}}],"line":96},"7":{"loc":{"start":{"line":98,"column":19},"end":{"line":114,"column":13}},"type":"if","locations":[{"start":{"line":98,"column":19},"end":{"line":114,"column":13}},{"start":{"line":98,"column":19},"end":{"line":114,"column":13}}],"line":98},"8":{"loc":{"start":{"line":102,"column":20},"end":{"line":102,"column":63}},"type":"binary-expr","locations":[{"start":{"line":102,"column":20},"end":{"line":102,"column":27}},{"start":{"line":102,"column":31},"end":{"line":102,"column":63}}],"line":102},"9":{"loc":{"start":{"line":105,"column":20},"end":{"line":110,"column":21}},"type":"if","locations":[{"start":{"line":105,"column":20},"end":{"line":110,"column":21}},{"start":{"line":105,"column":20},"end":{"line":110,"column":21}}],"line":105},"10":{"loc":{"start":{"line":125,"column":12},"end":{"line":143,"column":13}},"type":"if","locations":[{"start":{"line":125,"column":12},"end":{"line":143,"column":13}},{"start":{"line":125,"column":12},"end":{"line":143,"column":13}}],"line":125},"11":{"loc":{"start":{"line":127,"column":19},"end":{"line":143,"column":13}},"type":"if","locations":[{"start":{"line":127,"column":19},"end":{"line":143,"column":13}},{"start":{"line":127,"column":19},"end":{"line":143,"column":13}}],"line":127},"12":{"loc":{"start":{"line":131,"column":20},"end":{"line":131,"column":63}},"type":"binary-expr","locations":[{"start":{"line":131,"column":20},"end":{"line":131,"column":27}},{"start":{"line":131,"column":31},"end":{"line":131,"column":63}}],"line":131},"13":{"loc":{"start":{"line":134,"column":20},"end":{"line":139,"column":21}},"type":"if","locations":[{"start":{"line":134,"column":20},"end":{"line":139,"column":21}},{"start":{"line":134,"column":20},"end":{"line":139,"column":21}}],"line":134},"14":{"loc":{"start":{"line":154,"column":12},"end":{"line":172,"column":13}},"type":"if","locations":[{"start":{"line":154,"column":12},"end":{"line":172,"column":13}},{"start":{"line":154,"column":12},"end":{"line":172,"column":13}}],"line":154},"15":{"loc":{"start":{"line":156,"column":19},"end":{"line":172,"column":13}},"type":"if","locations":[{"start":{"line":156,"column":19},"end":{"line":172,"column":13}},{"start":{"line":156,"column":19},"end":{"line":172,"column":13}}],"line":156},"16":{"loc":{"start":{"line":164,"column":20},"end":{"line":168,"column":21}},"type":"if","locations":[{"start":{"line":164,"column":20},"end":{"line":168,"column":21}},{"start":{"line":164,"column":20},"end":{"line":168,"column":21}}],"line":164}},"s":{"0":2,"1":2,"2":2,"3":2,"4":2,"5":2,"6":2,"7":2,"8":2,"9":2,"10":2,"11":2,"12":2,"13":2,"14":2,"15":2,"16":2,"17":2,"18":2,"19":1,"20":1,"21":1,"22":1,"23":1,"24":1,"25":1,"26":0,"27":1,"28":1,"29":1,"30":1,"31":0,"32":2,"33":2,"34":2,"35":0,"36":2,"37":2,"38":0,"39":3,"40":3,"41":3,"42":3,"43":3,"44":3,"45":1,"46":2,"47":1,"48":1,"49":1,"50":1,"51":0,"52":0,"53":1,"54":3,"55":3,"56":3,"57":3,"58":3,"59":3,"60":1,"61":2,"62":1,"63":1,"64":1,"65":1,"66":0,"67":0,"68":1,"69":4,"70":4,"71":4,"72":4,"73":4,"74":4,"75":4,"76":1,"77":3,"78":2,"79":2,"80":2,"81":1,"82":1,"83":1,"84":2},"f":{"0":2,"1":2,"2":1,"3":1,"4":1,"5":1,"6":2,"7":2,"8":3,"9":3,"10":1,"11":3,"12":3,"13":1,"14":4,"15":4,"16":2},"b":{"0":[1,1],"1":[1,0],"2":[1,0],"3":[0,2],"4":[2,0],"5":[2,1],"6":[1,2],"7":[1,1],"8":[1,1],"9":[1,0],"10":[1,2],"11":[1,1],"12":[1,1],"13":[1,0],"14":[1,3],"15":[2,1],"16":[1,1]},"_coverageSchema":"1a1c01bbd47fc00a2c39e90264f33305004495a9","hash":"a073e2f5271820b0b1d50fcbd6713889936b648f"}
,"C:\\Users\\Emmanuel-UG\\Desktop\\Ugee\\Projects\\Hillcity\\hillcity-backend\\src\\usingObj\\controllers\\page.controller.js": {"path":"C:\\Users\\Emmanuel-UG\\Desktop\\Ugee\\Projects\\Hillcity\\hillcity-backend\\src\\usingObj\\controllers\\page.controller.js","statementMap":{"0":{"start":{"line":1,"column":17},"end":{"line":1,"column":52}},"1":{"start":{"line":3,"column":15},"end":{"line":54,"column":1}},"2":{"start":{"line":5,"column":26},"end":{"line":9,"column":90}},"3":{"start":{"line":11,"column":8},"end":{"line":22,"column":10}},"4":{"start":{"line":12,"column":12},"end":{"line":21,"column":13}},"5":{"start":{"line":13,"column":16},"end":{"line":16,"column":18}},"6":{"start":{"line":17,"column":19},"end":{"line":21,"column":13}},"7":{"start":{"line":18,"column":16},"end":{"line":18,"column":69}},"8":{"start":{"line":20,"column":16},"end":{"line":20,"column":78}},"9":{"start":{"line":26,"column":26},"end":{"line":30,"column":73}},"10":{"start":{"line":32,"column":8},"end":{"line":52,"column":10}},"11":{"start":{"line":33,"column":12},"end":{"line":51,"column":13}},"12":{"start":{"line":34,"column":16},"end":{"line":46,"column":18}},"13":{"start":{"line":47,"column":19},"end":{"line":51,"column":13}},"14":{"start":{"line":48,"column":16},"end":{"line":48,"column":69}},"15":{"start":{"line":50,"column":16},"end":{"line":50,"column":78}},"16":{"start":{"line":56,"column":0},"end":{"line":56,"column":24}}},"fnMap":{"0":{"name":"(anonymous_0)","decl":{"start":{"line":4,"column":4},"end":{"line":4,"column":5}},"loc":{"start":{"line":4,"column":24},"end":{"line":23,"column":5}},"line":4},"1":{"name":"(anonymous_1)","decl":{"start":{"line":11,"column":49},"end":{"line":11,"column":50}},"loc":{"start":{"line":11,"column":69},"end":{"line":22,"column":9}},"line":11},"2":{"name":"(anonymous_2)","decl":{"start":{"line":25,"column":4},"end":{"line":25,"column":5}},"loc":{"start":{"line":25,"column":24},"end":{"line":53,"column":5}},"line":25},"3":{"name":"(anonymous_3)","decl":{"start":{"line":32,"column":49},"end":{"line":32,"column":50}},"loc":{"start":{"line":32,"column":69},"end":{"line":52,"column":9}},"line":32}},"branchMap":{"0":{"loc":{"start":{"line":12,"column":12},"end":{"line":21,"column":13}},"type":"if","locations":[{"start":{"line":12,"column":12},"end":{"line":21,"column":13}},{"start":{"line":12,"column":12},"end":{"line":21,"column":13}}],"line":12},"1":{"loc":{"start":{"line":17,"column":19},"end":{"line":21,"column":13}},"type":"if","locations":[{"start":{"line":17,"column":19},"end":{"line":21,"column":13}},{"start":{"line":17,"column":19},"end":{"line":21,"column":13}}],"line":17},"2":{"loc":{"start":{"line":33,"column":12},"end":{"line":51,"column":13}},"type":"if","locations":[{"start":{"line":33,"column":12},"end":{"line":51,"column":13}},{"start":{"line":33,"column":12},"end":{"line":51,"column":13}}],"line":33},"3":{"loc":{"start":{"line":47,"column":19},"end":{"line":51,"column":13}},"type":"if","locations":[{"start":{"line":47,"column":19},"end":{"line":51,"column":13}},{"start":{"line":47,"column":19},"end":{"line":51,"column":13}}],"line":47}},"s":{"0":2,"1":2,"2":1,"3":1,"4":1,"5":1,"6":0,"7":0,"8":0,"9":1,"10":1,"11":1,"12":1,"13":0,"14":0,"15":0,"16":2},"f":{"0":1,"1":1,"2":1,"3":1},"b":{"0":[1,0],"1":[0,0],"2":[1,0],"3":[0,0]},"_coverageSchema":"1a1c01bbd47fc00a2c39e90264f33305004495a9","hash":"49dd2d5469a5bd2e9b2f7d1d6689bf577c63e0c0"}
,"C:\\Users\\Emmanuel-UG\\Desktop\\Ugee\\Projects\\Hillcity\\hillcity-backend\\src\\usingObj\\controllers\\user.controller.js": {"path":"C:\\Users\\Emmanuel-UG\\Desktop\\Ugee\\Projects\\Hillcity\\hillcity-backend\\src\\usingObj\\controllers\\user.controller.js","statementMap":{"0":{"start":{"line":1,"column":17},"end":{"line":1,"column":52}},"1":{"start":{"line":2,"column":15},"end":{"line":2,"column":46}},"2":{"start":{"line":8,"column":8},"end":{"line":10,"column":9}},"3":{"start":{"line":9,"column":12},"end":{"line":9,"column":79}},"4":{"start":{"line":11,"column":26},"end":{"line":11,"column":82}},"5":{"start":{"line":12,"column":8},"end":{"line":31,"column":10}},"6":{"start":{"line":13,"column":12},"end":{"line":17,"column":13}},"7":{"start":{"line":14,"column":16},"end":{"line":14,"column":35}},"8":{"start":{"line":15,"column":19},"end":{"line":17,"column":13}},"9":{"start":{"line":16,"column":16},"end":{"line":16,"column":101}},"10":{"start":{"line":18,"column":12},"end":{"line":20,"column":13}},"11":{"start":{"line":19,"column":16},"end":{"line":19,"column":101}},"12":{"start":{"line":21,"column":27},"end":{"line":21,"column":63}},"13":{"start":{"line":22,"column":26},"end":{"line":22,"column":54}},"14":{"start":{"line":24,"column":12},"end":{"line":30,"column":14}},"15":{"start":{"line":37,"column":0},"end":{"line":37,"column":31}}},"fnMap":{"0":{"name":"(anonymous_0)","decl":{"start":{"line":7,"column":4},"end":{"line":7,"column":5}},"loc":{"start":{"line":7,"column":20},"end":{"line":33,"column":5}},"line":7},"1":{"name":"(anonymous_1)","decl":{"start":{"line":12,"column":52},"end":{"line":12,"column":53}},"loc":{"start":{"line":12,"column":72},"end":{"line":31,"column":9}},"line":12}},"branchMap":{"0":{"loc":{"start":{"line":8,"column":8},"end":{"line":10,"column":9}},"type":"if","locations":[{"start":{"line":8,"column":8},"end":{"line":10,"column":9}},{"start":{"line":8,"column":8},"end":{"line":10,"column":9}}],"line":8},"1":{"loc":{"start":{"line":8,"column":12},"end":{"line":8,"column":49}},"type":"binary-expr","locations":[{"start":{"line":8,"column":12},"end":{"line":8,"column":27}},{"start":{"line":8,"column":31},"end":{"line":8,"column":49}}],"line":8},"2":{"loc":{"start":{"line":13,"column":12},"end":{"line":17,"column":13}},"type":"if","locations":[{"start":{"line":13,"column":12},"end":{"line":17,"column":13}},{"start":{"line":13,"column":12},"end":{"line":17,"column":13}}],"line":13},"3":{"loc":{"start":{"line":15,"column":19},"end":{"line":17,"column":13}},"type":"if","locations":[{"start":{"line":15,"column":19},"end":{"line":17,"column":13}},{"start":{"line":15,"column":19},"end":{"line":17,"column":13}}],"line":15},"4":{"loc":{"start":{"line":18,"column":12},"end":{"line":20,"column":13}},"type":"if","locations":[{"start":{"line":18,"column":12},"end":{"line":20,"column":13}},{"start":{"line":18,"column":12},"end":{"line":20,"column":13}}],"line":18}},"s":{"0":2,"1":2,"2":10,"3":1,"4":9,"5":9,"6":9,"7":0,"8":9,"9":1,"10":8,"11":1,"12":7,"13":7,"14":7,"15":2},"f":{"0":10,"1":9},"b":{"0":[1,9],"1":[10,9],"2":[0,9],"3":[1,8],"4":[1,7]},"_coverageSchema":"1a1c01bbd47fc00a2c39e90264f33305004495a9","hash":"4e48c8f4812afbd33bea45515b9f83febe008b05"}
,"C:\\Users\\Emmanuel-UG\\Desktop\\Ugee\\Projects\\Hillcity\\hillcity-backend\\src\\usingObj\\middlwares\\Auth.js": {"path":"C:\\Users\\Emmanuel-UG\\Desktop\\Ugee\\Projects\\Hillcity\\hillcity-backend\\src\\usingObj\\middlwares\\Auth.js","statementMap":{"0":{"start":{"line":1,"column":12},"end":{"line":1,"column":35}},"1":{"start":{"line":2,"column":17},"end":{"line":2,"column":52}},"2":{"start":{"line":4,"column":13},"end":{"line":34,"column":1}},"3":{"start":{"line":13,"column":22},"end":{"line":13,"column":47}},"4":{"start":{"line":14,"column":8},"end":{"line":16,"column":9}},"5":{"start":{"line":15,"column":12},"end":{"line":15,"column":78}},"6":{"start":{"line":17,"column":8},"end":{"line":32,"column":9}},"7":{"start":{"line":18,"column":28},"end":{"line":18,"column":71}},"8":{"start":{"line":19,"column":25},"end":{"line":19,"column":93}},"9":{"start":{"line":20,"column":12},"end":{"line":29,"column":15}},"10":{"start":{"line":21,"column":16},"end":{"line":23,"column":17}},"11":{"start":{"line":22,"column":20},"end":{"line":22,"column":78}},"12":{"start":{"line":24,"column":16},"end":{"line":27,"column":18}},"13":{"start":{"line":28,"column":16},"end":{"line":28,"column":23}},"14":{"start":{"line":31,"column":12},"end":{"line":31,"column":47}},"15":{"start":{"line":36,"column":0},"end":{"line":36,"column":22}}},"fnMap":{"0":{"name":"(anonymous_0)","decl":{"start":{"line":11,"column":4},"end":{"line":11,"column":5}},"loc":{"start":{"line":11,"column":38},"end":{"line":33,"column":5}},"line":11},"1":{"name":"(anonymous_1)","decl":{"start":{"line":20,"column":70},"end":{"line":20,"column":71}},"loc":{"start":{"line":20,"column":87},"end":{"line":29,"column":13}},"line":20}},"branchMap":{"0":{"loc":{"start":{"line":14,"column":8},"end":{"line":16,"column":9}},"type":"if","locations":[{"start":{"line":14,"column":8},"end":{"line":16,"column":9}},{"start":{"line":14,"column":8},"end":{"line":16,"column":9}}],"line":14},"1":{"loc":{"start":{"line":21,"column":16},"end":{"line":23,"column":17}},"type":"if","locations":[{"start":{"line":21,"column":16},"end":{"line":23,"column":17}},{"start":{"line":21,"column":16},"end":{"line":23,"column":17}}],"line":21}},"s":{"0":2,"1":2,"2":2,"3":19,"4":19,"5":1,"6":18,"7":18,"8":18,"9":18,"10":18,"11":0,"12":18,"13":18,"14":0,"15":2},"f":{"0":19,"1":18},"b":{"0":[1,18],"1":[0,18]},"_coverageSchema":"1a1c01bbd47fc00a2c39e90264f33305004495a9","hash":"60efef80e9acb81df47cff443c9ca034ddc8b126"}
,"C:\\Users\\Emmanuel-UG\\Desktop\\Ugee\\Projects\\Hillcity\\hillcity-backend\\src\\usingObj\\middlwares\\DateTime.js": {"path":"C:\\Users\\Emmanuel-UG\\Desktop\\Ugee\\Projects\\Hillcity\\hillcity-backend\\src\\usingObj\\middlwares\\DateTime.js","statementMap":{"0":{"start":{"line":1,"column":0},"end":{"line":6,"column":1}},"1":{"start":{"line":2,"column":18},"end":{"line":2,"column":28}},"2":{"start":{"line":3,"column":17},"end":{"line":3,"column":37}},"3":{"start":{"line":4,"column":21},"end":{"line":4,"column":30}},"4":{"start":{"line":5,"column":4},"end":{"line":5,"column":20}}},"fnMap":{"0":{"name":"(anonymous_0)","decl":{"start":{"line":1,"column":27},"end":{"line":1,"column":28}},"loc":{"start":{"line":1,"column":33},"end":{"line":6,"column":1}},"line":1}},"branchMap":{},"s":{"0":2,"1":12,"2":12,"3":12,"4":12},"f":{"0":12},"b":{},"_coverageSchema":"1a1c01bbd47fc00a2c39e90264f33305004495a9","hash":"8191374658ac6566ea465d3b54de99c6a1dd2627"}
,"C:\\Users\\Emmanuel-UG\\Desktop\\Ugee\\Projects\\Hillcity\\hillcity-backend\\src\\usingObj\\middlwares\\Helper.js": {"path":"C:\\Users\\Emmanuel-UG\\Desktop\\Ugee\\Projects\\Hillcity\\hillcity-backend\\src\\usingObj\\middlwares\\Helper.js","statementMap":{"0":{"start":{"line":1,"column":12},"end":{"line":1,"column":35}},"1":{"start":{"line":2,"column":12},"end":{"line":2,"column":26}},"2":{"start":{"line":4,"column":15},"end":{"line":45,"column":1}},"3":{"start":{"line":11,"column":8},"end":{"line":11,"column":42}},"4":{"start":{"line":20,"column":8},"end":{"line":20,"column":24}},"5":{"start":{"line":30,"column":8},"end":{"line":30,"column":45}},"6":{"start":{"line":39,"column":22},"end":{"line":42,"column":52}},"7":{"start":{"line":43,"column":8},"end":{"line":43,"column":21}},"8":{"start":{"line":47,"column":0},"end":{"line":47,"column":24}}},"fnMap":{"0":{"name":"(anonymous_0)","decl":{"start":{"line":10,"column":4},"end":{"line":10,"column":5}},"loc":{"start":{"line":10,"column":24},"end":{"line":12,"column":5}},"line":10},"1":{"name":"(anonymous_1)","decl":{"start":{"line":19,"column":4},"end":{"line":19,"column":5}},"loc":{"start":{"line":19,"column":26},"end":{"line":21,"column":5}},"line":19},"2":{"name":"(anonymous_2)","decl":{"start":{"line":29,"column":4},"end":{"line":29,"column":5}},"loc":{"start":{"line":29,"column":43},"end":{"line":31,"column":5}},"line":29},"3":{"name":"(anonymous_3)","decl":{"start":{"line":38,"column":4},"end":{"line":38,"column":5}},"loc":{"start":{"line":38,"column":22},"end":{"line":44,"column":5}},"line":38}},"branchMap":{},"s":{"0":2,"1":2,"2":2,"3":0,"4":0,"5":8,"6":7,"7":7,"8":2},"f":{"0":0,"1":0,"2":8,"3":7},"b":{},"_coverageSchema":"1a1c01bbd47fc00a2c39e90264f33305004495a9","hash":"8723d99c7142d20c7386b3d775e8a622f7fe30af"}
,"C:\\Users\\Emmanuel-UG\\Desktop\\Ugee\\Projects\\Hillcity\\hillcity-backend\\src\\usingObj\\middlwares\\ID.gen.js": {"path":"C:\\Users\\Emmanuel-UG\\Desktop\\Ugee\\Projects\\Hillcity\\hillcity-backend\\src\\usingObj\\middlwares\\ID.gen.js","statementMap":{"0":{"start":{"line":1,"column":0},"end":{"line":14,"column":1}},"1":{"start":{"line":2,"column":18},"end":{"line":2,"column":66}},"2":{"start":{"line":3,"column":17},"end":{"line":3,"column":22}},"3":{"start":{"line":4,"column":18},"end":{"line":4,"column":43}},"4":{"start":{"line":5,"column":16},"end":{"line":5,"column":35}},"5":{"start":{"line":6,"column":18},"end":{"line":6,"column":37}},"6":{"start":{"line":8,"column":4},"end":{"line":11,"column":5}},"7":{"start":{"line":8,"column":17},"end":{"line":8,"column":18}},"8":{"start":{"line":9,"column":23},"end":{"line":9,"column":53}},"9":{"start":{"line":10,"column":8},"end":{"line":10,"column":32}},"10":{"start":{"line":12,"column":22},"end":{"line":12,"column":49}},"11":{"start":{"line":13,"column":4},"end":{"line":13,"column":21}}},"fnMap":{"0":{"name":"(anonymous_0)","decl":{"start":{"line":1,"column":21},"end":{"line":1,"column":22}},"loc":{"start":{"line":1,"column":27},"end":{"line":14,"column":1}},"line":1}},"branchMap":{},"s":{"0":2,"1":2,"2":2,"3":2,"4":2,"5":2,"6":2,"7":2,"8":8,"9":8,"10":2,"11":2},"f":{"0":2},"b":{},"_coverageSchema":"1a1c01bbd47fc00a2c39e90264f33305004495a9","hash":"3ae8838ab4ce702760d3b1498e01599c1eb27634"}
,"C:\\Users\\Emmanuel-UG\\Desktop\\Ugee\\Projects\\Hillcity\\hillcity-backend\\test\\utils\\user.data.js": {"path":"C:\\Users\\Emmanuel-UG\\Desktop\\Ugee\\Projects\\Hillcity\\hillcity-backend\\test\\utils\\user.data.js","statementMap":{"0":{"start":{"line":1,"column":19},"end":{"line":26,"column":1}},"1":{"start":{"line":28,"column":0},"end":{"line":28,"column":28}}},"fnMap":{},"branchMap":{},"s":{"0":2,"1":2},"f":{},"b":{},"_coverageSchema":"1a1c01bbd47fc00a2c39e90264f33305004495a9","hash":"211546047f7bc1170797676b3b3a9bffbf1ed2f2"}
}
