TN:
SF:src\App.js
FNF:0
FNH:0
DA:1,2
DA:2,2
DA:4,2
DA:5,2
DA:6,2
DA:7,2
DA:9,2
DA:10,2
DA:12,2
DA:13,2
DA:14,2
DA:15,2
DA:16,2
DA:18,2
LF:14
LH:14
BRF:0
BRH:0
end_of_record
TN:
SF:src\usingDB\connection.js
FN:9,(anonymous_0)
FNF:1
FNH:1
FNDA:2,(anonymous_0)
DA:1,2
DA:2,2
DA:3,2
DA:5,2
DA:7,2
DA:9,2
DA:10,2
DA:11,2
DA:13,0
DA:17,2
LF:10
LH:9
BRDA:10,0,0,2
BRDA:10,0,1,0
BRF:2
BRH:1
end_of_record
TN:
SF:src\usingDB\dbConfig\index.js
FNF:0
FNH:0
DA:1,2
DA:9,2
LF:2
LH:2
BRF:0
BRH:0
end_of_record
TN:
SF:src\usingDB\routes\engagement.route.js
FNF:0
FNH:0
DA:1,2
DA:2,2
DA:4,2
DA:6,2
DA:7,2
DA:8,2
DA:9,2
DA:10,2
DA:11,2
DA:12,2
DA:14,2
LF:11
LH:11
BRF:0
BRH:0
end_of_record
TN:
SF:src\usingDB\routes\page.route.js
FNF:0
FNH:0
DA:1,2
DA:2,2
DA:4,2
DA:6,2
DA:7,2
DA:9,2
LF:6
LH:6
BRF:0
BRH:0
end_of_record
TN:
SF:src\usingDB\routes\user.route.js
FNF:0
FNH:0
DA:1,2
DA:2,2
DA:4,2
DA:6,2
DA:8,2
LF:5
LH:5
BRF:0
BRH:0
end_of_record
TN:
SF:src\usingObj\controllers\engagement.controller.js
FN:6,(anonymous_0)
FN:27,(anonymous_1)
FN:40,(anonymous_2)
FN:42,(anonymous_3)
FN:54,(anonymous_4)
FN:61,(anonymous_5)
FN:73,(anonymous_6)
FN:75,(anonymous_7)
FN:89,(anonymous_8)
FN:95,(anonymous_9)
FN:104,(anonymous_10)
FN:118,(anonymous_11)
FN:124,(anonymous_12)
FN:133,(anonymous_13)
FN:147,(anonymous_14)
FN:153,(anonymous_15)
FN:163,(anonymous_16)
FNF:17
FNH:17
FNDA:2,(anonymous_0)
FNDA:2,(anonymous_1)
FNDA:1,(anonymous_2)
FNDA:1,(anonymous_3)
FNDA:1,(anonymous_4)
FNDA:1,(anonymous_5)
FNDA:2,(anonymous_6)
FNDA:2,(anonymous_7)
FNDA:3,(anonymous_8)
FNDA:3,(anonymous_9)
FNDA:1,(anonymous_10)
FNDA:3,(anonymous_11)
FNDA:3,(anonymous_12)
FNDA:1,(anonymous_13)
FNDA:4,(anonymous_14)
FNDA:4,(anonymous_15)
FNDA:2,(anonymous_16)
DA:1,2
DA:2,2
DA:3,2
DA:5,2
DA:7,2
DA:8,2
DA:9,2
DA:10,2
DA:11,2
DA:12,2
DA:13,2
DA:14,2
DA:15,2
DA:16,2
DA:17,2
DA:18,2
DA:24,2
DA:27,2
DA:28,2
DA:29,1
DA:30,1
DA:35,1
DA:41,1
DA:42,1
DA:43,1
DA:44,1
DA:49,0
DA:55,1
DA:61,1
DA:62,1
DA:63,1
DA:68,0
DA:74,2
DA:75,2
DA:76,2
DA:77,0
DA:78,2
DA:79,2
DA:84,0
DA:90,3
DA:91,3
DA:92,3
DA:93,3
DA:95,3
DA:96,3
DA:97,1
DA:98,2
DA:99,1
DA:104,1
DA:105,1
DA:106,1
DA:108,0
DA:109,0
DA:113,1
DA:119,3
DA:120,3
DA:121,3
DA:122,3
DA:124,3
DA:125,3
DA:126,1
DA:127,2
DA:128,1
DA:133,1
DA:134,1
DA:135,1
DA:137,0
DA:138,0
DA:142,1
DA:148,4
DA:149,4
DA:150,4
DA:151,4
DA:152,4
DA:153,4
DA:154,4
DA:155,1
DA:156,3
DA:157,2
DA:163,2
DA:164,2
DA:165,1
DA:167,1
DA:171,1
DA:177,2
LF:85
LH:77
BRDA:28,0,0,1
BRDA:28,0,1,1
BRDA:43,1,0,1
BRDA:43,1,1,0
BRDA:62,2,0,1
BRDA:62,2,1,0
BRDA:76,3,0,0
BRDA:76,3,1,2
BRDA:78,4,0,2
BRDA:78,4,1,0
BRDA:78,5,0,2
BRDA:78,5,1,1
BRDA:96,6,0,1
BRDA:96,6,1,2
BRDA:98,7,0,1
BRDA:98,7,1,1
BRDA:102,8,0,1
BRDA:102,8,1,1
BRDA:105,9,0,1
BRDA:105,9,1,0
BRDA:125,10,0,1
BRDA:125,10,1,2
BRDA:127,11,0,1
BRDA:127,11,1,1
BRDA:131,12,0,1
BRDA:131,12,1,1
BRDA:134,13,0,1
BRDA:134,13,1,0
BRDA:154,14,0,1
BRDA:154,14,1,3
BRDA:156,15,0,2
BRDA:156,15,1,1
BRDA:164,16,0,1
BRDA:164,16,1,1
BRF:34
BRH:28
end_of_record
TN:
SF:src\usingObj\controllers\page.controller.js
FN:4,(anonymous_0)
FN:11,(anonymous_1)
FN:25,(anonymous_2)
FN:32,(anonymous_3)
FNF:4
FNH:4
FNDA:1,(anonymous_0)
FNDA:1,(anonymous_1)
FNDA:1,(anonymous_2)
FNDA:1,(anonymous_3)
DA:1,2
DA:3,2
DA:5,1
DA:11,1
DA:12,1
DA:13,1
DA:17,0
DA:18,0
DA:20,0
DA:26,1
DA:32,1
DA:33,1
DA:34,1
DA:47,0
DA:48,0
DA:50,0
DA:56,2
LF:17
LH:11
BRDA:12,0,0,1
BRDA:12,0,1,0
BRDA:17,1,0,0
BRDA:17,1,1,0
BRDA:33,2,0,1
BRDA:33,2,1,0
BRDA:47,3,0,0
BRDA:47,3,1,0
BRF:8
BRH:2
end_of_record
TN:
SF:src\usingObj\controllers\user.controller.js
FN:7,(anonymous_0)
FN:12,(anonymous_1)
FNF:2
FNH:2
FNDA:10,(anonymous_0)
FNDA:9,(anonymous_1)
DA:1,2
DA:2,2
DA:8,10
DA:9,1
DA:11,9
DA:12,9
DA:13,9
DA:14,0
DA:15,9
DA:16,1
DA:18,8
DA:19,1
DA:21,7
DA:22,7
DA:24,7
DA:37,2
LF:16
LH:15
BRDA:8,0,0,1
BRDA:8,0,1,9
BRDA:8,1,0,10
BRDA:8,1,1,9
BRDA:13,2,0,0
BRDA:13,2,1,9
BRDA:15,3,0,1
BRDA:15,3,1,8
BRDA:18,4,0,1
BRDA:18,4,1,7
BRF:10
BRH:9
end_of_record
TN:
SF:src\usingObj\middlwares\Auth.js
FN:11,(anonymous_0)
FN:20,(anonymous_1)
FNF:2
FNH:2
FNDA:19,(anonymous_0)
FNDA:18,(anonymous_1)
DA:1,2
DA:2,2
DA:4,2
DA:13,19
DA:14,19
DA:15,1
DA:17,18
DA:18,18
DA:19,18
DA:20,18
DA:21,18
DA:22,0
DA:24,18
DA:28,18
DA:31,0
DA:36,2
LF:16
LH:14
BRDA:14,0,0,1
BRDA:14,0,1,18
BRDA:21,1,0,0
BRDA:21,1,1,18
BRF:4
BRH:3
end_of_record
TN:
SF:src\usingObj\middlwares\DateTime.js
FN:1,(anonymous_0)
FNF:1
FNH:1
FNDA:12,(anonymous_0)
DA:1,2
DA:2,12
DA:3,12
DA:4,12
DA:5,12
LF:5
LH:5
BRF:0
BRH:0
end_of_record
TN:
SF:src\usingObj\middlwares\Helper.js
FN:10,(anonymous_0)
FN:19,(anonymous_1)
FN:29,(anonymous_2)
FN:38,(anonymous_3)
FNF:4
FNH:2
FNDA:0,(anonymous_0)
FNDA:0,(anonymous_1)
FNDA:8,(anonymous_2)
FNDA:7,(anonymous_3)
DA:1,2
DA:2,2
DA:4,2
DA:11,0
DA:20,0
DA:30,8
DA:39,7
DA:43,7
DA:47,2
LF:9
LH:7
BRF:0
BRH:0
end_of_record
TN:
SF:src\usingObj\middlwares\ID.gen.js
FN:1,(anonymous_0)
FNF:1
FNH:1
FNDA:2,(anonymous_0)
DA:1,2
DA:2,2
DA:3,2
DA:4,2
DA:5,2
DA:6,2
DA:8,2
DA:9,8
DA:10,8
DA:12,2
DA:13,2
LF:11
LH:11
BRF:0
BRH:0
end_of_record
TN:
SF:test\utils\user.data.js
FNF:0
FNH:0
DA:1,2
DA:28,2
LF:2
LH:2
BRF:0
BRH:0
end_of_record
